<?xml version="1.0" encoding="UTF-8"?>
<testsuite xmlns:xsi="http://www.w3.org/2001/XMLSchema-instance" xsi:noNamespaceSchemaLocation="https://maven.apache.org/surefire/maven-surefire-plugin/xsd/surefire-test-report-3.0.xsd" version="3.0" name="org.eclipse.leshan.server.registration.RegistrationUpdateTest" time="0.015" tests="2" errors="0" skipped="0" failures="0">
  <properties>
    <property name="sun.desktop" value="gnome"/>
    <property name="awt.toolkit" value="sun.awt.X11.XToolkit"/>
    <property name="java.specification.version" value="11"/>
    <property name="sun.cpu.isalist" value=""/>
    <property name="sun.jnu.encoding" value="UTF-8"/>
    <property name="java.class.path" value="/home/vietpc/test/leshan_custom/leshan-server-core/target/test-classes:/home/vietpc/test/leshan_custom/leshan-server-core/target/classes:/home/vietpc/test/leshan_custom/leshan-core/target/leshan-core-2.0.0-SNAPSHOT.jar:/home/vietpc/.m2/repository/org/slf4j/slf4j-api/1.7.36/slf4j-api-1.7.36.jar:/home/vietpc/.m2/repository/com/fasterxml/jackson/core/jackson-databind/2.13.3/jackson-databind-2.13.3.jar:/home/vietpc/.m2/repository/com/fasterxml/jackson/core/jackson-annotations/2.13.3/jackson-annotations-2.13.3.jar:/home/vietpc/.m2/repository/com/fasterxml/jackson/core/jackson-core/2.13.3/jackson-core-2.13.3.jar:/home/vietpc/.m2/repository/com/upokecenter/cbor/4.5.2/cbor-4.5.2.jar:/home/vietpc/.m2/repository/com/github/peteroupc/numbers/1.8.2/numbers-1.8.2.jar:/home/vietpc/.m2/repository/org/eclipse/californium/cf-oscore/3.6.0/cf-oscore-3.6.0.jar:/home/vietpc/.m2/repository/org/eclipse/californium/californium-legal/3.6.0/californium-legal-3.6.0.jar:/home/vietpc/.m2/repository/org/eclipse/californium/californium-core/3.6.0/californium-core-3.6.0.jar:/home/vietpc/.m2/repository/org/eclipse/californium/element-connector/3.6.0/element-connector-3.6.0.jar:/home/vietpc/.m2/repository/net/i2p/crypto/eddsa/0.3.0/eddsa-0.3.0.jar:/home/vietpc/.m2/repository/org/eclipse/californium/scandium/3.6.0/scandium-3.6.0.jar:/home/vietpc/.m2/repository/junit/junit/4.13.2/junit-4.13.2.jar:/home/vietpc/.m2/repository/org/hamcrest/hamcrest-core/1.3/hamcrest-core-1.3.jar:/home/vietpc/.m2/repository/ch/qos/logback/logback-classic/1.2.11/logback-classic-1.2.11.jar:/home/vietpc/.m2/repository/ch/qos/logback/logback-core/1.2.11/logback-core-1.2.11.jar:"/>
    <property name="java.vm.vendor" value="Ubuntu"/>
    <property name="sun.arch.data.model" value="64"/>
    <property name="java.vendor.url" value="https://ubuntu.com/"/>
    <property name="user.timezone" value="Asia/Ho_Chi_Minh"/>
    <property name="java.vm.specification.version" value="11"/>
    <property name="os.name" value="Linux"/>
    <property name="sun.java.launcher" value="SUN_STANDARD"/>
    <property name="user.country" value="US"/>
    <property name="sun.boot.library.path" value="/usr/lib/jvm/java-11-openjdk-amd64/lib"/>
    <property name="sun.java.command" value="/home/vietpc/test/leshan_custom/leshan-server-core/target/surefire/surefirebooter18102718831553909409.jar /home/vietpc/test/leshan_custom/leshan-server-core/target/surefire 2022-09-08T10-08-46_778-jvmRun1 surefire1118895427615628759tmp surefire_27615816526183442112tmp"/>
    <property name="jdk.debug" value="release"/>
    <property name="surefire.test.class.path" value="/home/vietpc/test/leshan_custom/leshan-server-core/target/test-classes:/home/vietpc/test/leshan_custom/leshan-server-core/target/classes:/home/vietpc/test/leshan_custom/leshan-core/target/leshan-core-2.0.0-SNAPSHOT.jar:/home/vietpc/.m2/repository/org/slf4j/slf4j-api/1.7.36/slf4j-api-1.7.36.jar:/home/vietpc/.m2/repository/com/fasterxml/jackson/core/jackson-databind/2.13.3/jackson-databind-2.13.3.jar:/home/vietpc/.m2/repository/com/fasterxml/jackson/core/jackson-annotations/2.13.3/jackson-annotations-2.13.3.jar:/home/vietpc/.m2/repository/com/fasterxml/jackson/core/jackson-core/2.13.3/jackson-core-2.13.3.jar:/home/vietpc/.m2/repository/com/upokecenter/cbor/4.5.2/cbor-4.5.2.jar:/home/vietpc/.m2/repository/com/github/peteroupc/numbers/1.8.2/numbers-1.8.2.jar:/home/vietpc/.m2/repository/org/eclipse/californium/cf-oscore/3.6.0/cf-oscore-3.6.0.jar:/home/vietpc/.m2/repository/org/eclipse/californium/californium-legal/3.6.0/californium-legal-3.6.0.jar:/home/vietpc/.m2/repository/org/eclipse/californium/californium-core/3.6.0/californium-core-3.6.0.jar:/home/vietpc/.m2/repository/org/eclipse/californium/element-connector/3.6.0/element-connector-3.6.0.jar:/home/vietpc/.m2/repository/net/i2p/crypto/eddsa/0.3.0/eddsa-0.3.0.jar:/home/vietpc/.m2/repository/org/eclipse/californium/scandium/3.6.0/scandium-3.6.0.jar:/home/vietpc/.m2/repository/junit/junit/4.13.2/junit-4.13.2.jar:/home/vietpc/.m2/repository/org/hamcrest/hamcrest-core/1.3/hamcrest-core-1.3.jar:/home/vietpc/.m2/repository/ch/qos/logback/logback-classic/1.2.11/logback-classic-1.2.11.jar:/home/vietpc/.m2/repository/ch/qos/logback/logback-core/1.2.11/logback-core-1.2.11.jar:"/>
    <property name="sun.cpu.endian" value="little"/>
    <property name="user.home" value="/home/vietpc"/>
    <property name="user.language" value="en"/>
    <property name="java.specification.vendor" value="Oracle Corporation"/>
    <property name="java.version.date" value="2022-07-19"/>
    <property name="java.home" value="/usr/lib/jvm/java-11-openjdk-amd64"/>
    <property name="file.separator" value="/"/>
    <property name="basedir" value="/home/vietpc/test/leshan_custom/leshan-server-core"/>
    <property name="java.vm.compressedOopsMode" value="Zero based"/>
    <property name="line.separator" value="&#10;"/>
    <property name="java.specification.name" value="Java Platform API Specification"/>
    <property name="java.vm.specification.vendor" value="Oracle Corporation"/>
    <property name="java.awt.graphicsenv" value="sun.awt.X11GraphicsEnvironment"/>
    <property name="logback.configurationFile" value="logback-leshan-test.xml"/>
    <property name="surefire.real.class.path" value="/home/vietpc/test/leshan_custom/leshan-server-core/target/surefire/surefirebooter18102718831553909409.jar"/>
    <property name="sun.management.compiler" value="HotSpot 64-Bit Tiered Compilers"/>
    <property name="java.runtime.version" value="11.0.16+8-post-Ubuntu-0ubuntu120.04"/>
    <property name="user.name" value="vietpc"/>
    <property name="path.separator" value=":"/>
    <property name="os.version" value="5.15.0-46-generic"/>
    <property name="java.runtime.name" value="OpenJDK Runtime Environment"/>
    <property name="file.encoding" value="UTF-8"/>
    <property name="java.vm.name" value="OpenJDK 64-Bit Server VM"/>
    <property name="localRepository" value="/home/vietpc/.m2/repository"/>
    <property name="java.vendor.url.bug" value="https://bugs.launchpad.net/ubuntu/+source/openjdk-lts"/>
    <property name="java.io.tmpdir" value="/tmp"/>
    <property name="idea.version" value="2022.2.1"/>
    <property name="java.version" value="11.0.16"/>
    <property name="user.dir" value="/home/vietpc/test/leshan_custom/leshan-server-core"/>
    <property name="os.arch" value="amd64"/>
    <property name="java.vm.specification.name" value="Java Virtual Machine Specification"/>
    <property name="java.awt.printerjob" value="sun.print.PSPrinterJob"/>
    <property name="sun.os.patch.level" value="unknown"/>
    <property name="java.library.path" value="/usr/java/packages/lib:/usr/lib/x86_64-linux-gnu/jni:/lib/x86_64-linux-gnu:/usr/lib/x86_64-linux-gnu:/usr/lib/jni:/lib:/usr/lib"/>
    <property name="java.vm.info" value="mixed mode, sharing"/>
    <property name="java.vendor" value="Ubuntu"/>
    <property name="java.vm.version" value="11.0.16+8-post-Ubuntu-0ubuntu120.04"/>
    <property name="sun.io.unicode.encoding" value="UnicodeLittle"/>
    <property name="java.class.version" value="55.0"/>
  </properties>
  <testcase name="testApplicationDataUpdate" classname="org.eclipse.leshan.server.registration.RegistrationUpdateTest" time="0.015"/>
  <testcase name="testAdditionalAttributesUpdate" classname="org.eclipse.leshan.server.registration.RegistrationUpdateTest" time="0"/>
</testsuite>